1608045467861	geckodriver	INFO	Listening on 127.0.0.1:56525
1608045469918	mozprofile::profile	INFO	Using profile path C:\Users\IT\AppData\Local\Temp\rust_mozprofile.JXABKjL5o3as
1608045469926	geckodriver::marionette	INFO	Starting browser C:\Program Files\Pale Moon\palemoon.exe with args []
1608045469930	geckodriver::marionette	INFO	Connecting to Marionette on localhost:56531
1608045470150	addons.manager	DEBUG	Application has been upgraded
1608045470252	addons.manager	DEBUG	Loaded provider scope for resource://gre/modules/addons/XPIProvider.jsm: ["XPIProvider"]
1608045470254	addons.manager	DEBUG	Loaded provider scope for resource://gre/modules/LightweightThemeManager.jsm: ["LightweightThemeManager"]
1608045470262	addons.manager	DEBUG	Loaded provider scope for resource://gre/modules/addons/GMPProvider.jsm
1608045470266	addons.manager	DEBUG	Loaded provider scope for resource://gre/modules/addons/PluginProvider.jsm
1608045470268	addons.manager	DEBUG	Starting provider: XPIProvider
1608045470270	addons.xpi	DEBUG	startup
1608045470272	addons.xpi	INFO	Mapping {972ce4c6-7e08-4474-a285-3208198ce6fd} to C:\Program Files\Pale Moon\browser\extensions\{972ce4c6-7e08-4474-a285-3208198ce6fd}.xpi
1608045470274	addons.xpi	DEBUG	checkForChanges
1608045470276	addons.xpi	DEBUG	Loaded add-on state from prefs: {}
1608045470278	addons.xpi	DEBUG	New add-on {972ce4c6-7e08-4474-a285-3208198ce6fd} in app-global
1608045470280	addons.xpi	DEBUG	getModTime: Recursive scan of {972ce4c6-7e08-4474-a285-3208198ce6fd}
1608045470280	addons.xpi	DEBUG	getInstallState changed: true, state: {"app-global":{"{972ce4c6-7e08-4474-a285-3208198ce6fd}":{"d":"C:\\Program Files\\Pale Moon\\browser\\extensions\\{972ce4c6-7e08-4474-a285-3208198ce6fd}.xpi","st":1572009966000}}}
1608045470294	addons.xpi-utils	DEBUG	Opening XPI database C:\Users\IT\AppData\Local\Temp\rust_mozprofile.JXABKjL5o3as\extensions.json
1608045470296	addons.xpi	DEBUG	New add-on {972ce4c6-7e08-4474-a285-3208198ce6fd} installed in app-global
1608045470304	addons.xpi-utils	DEBUG	Make addon app-global:{972ce4c6-7e08-4474-a285-3208198ce6fd} visible
1608045470306	DeferredSave.extensions.json	DEBUG	Save changes
1608045470308	DeferredSave.extensions.json	DEBUG	Save changes
1608045470308	addons.xpi	DEBUG	Updating XPIState for {"id":"{972ce4c6-7e08-4474-a285-3208198ce6fd}","syncGUID":"{70a53879-968c-4bd6-8e9c-6e0739befbb8}","location":"app-global","version":"28.7.2","type":"theme","internalName":"classic/1.0","updateURL":null,"updateKey":null,"optionsURL":null,"optionsType":null,"aboutURL":null,"iconURL":null,"icon64URL":null,"defaultLocale":{"name":"Default","description":"The default theme.","creator":"Moonchild Productions","homepageURL":null,"contributors":["Mozilla Contributors"]},"visible":true,"active":true,"userDisabled":false,"appDisabled":false,"descriptor":"C:\\Program Files\\Pale Moon\\browser\\extensions\\{972ce4c6-7e08-4474-a285-3208198ce6fd}.xpi","installDate":1572009966000,"updateDate":1572009966000,"applyBackgroundUpdates":1,"skinnable":true,"size":5114,"sourceURI":null,"releaseNotesURI":null,"softDisabled":false,"foreignInstall":false,"hasBinaryComponents":false,"strictCompatibility":true,"locales":[],"targetApplications":[{"id":"{8de7fcbb-c55c-4fbe-bfc5-fc555c87dbc4}","minVersion":"28.7.2","maxVersion":"28.7.2"}],"targetPlatforms":[]}
1608045470308	addons.xpi	DEBUG	getModTime: Recursive scan of {972ce4c6-7e08-4474-a285-3208198ce6fd}
1608045470308	addons.xpi	DEBUG	Updating database with changes to installed add-ons
1608045470308	addons.xpi-utils	DEBUG	Updating add-on states
1608045470310	addons.xpi-utils	DEBUG	Writing add-ons list
1608045470312	addons.manager	DEBUG	Registering shutdown blocker for XPIProvider
1608045470312	addons.manager	DEBUG	Provider finished startup: XPIProvider
1608045470312	addons.manager	DEBUG	Starting provider: LightweightThemeManager
1608045470312	addons.manager	DEBUG	Registering shutdown blocker for LightweightThemeManager
1608045470314	addons.manager	DEBUG	Provider finished startup: LightweightThemeManager
1608045470314	addons.manager	DEBUG	Starting provider: GMPProvider
1608045470316	addons.manager	DEBUG	Registering shutdown blocker for GMPProvider
1608045470318	addons.manager	DEBUG	Provider finished startup: GMPProvider
1608045470318	addons.manager	DEBUG	Starting provider: PluginProvider
1608045470318	addons.manager	DEBUG	Registering shutdown blocker for PluginProvider
1608045470318	addons.manager	DEBUG	Provider finished startup: PluginProvider
1608045470318	addons.manager	DEBUG	Completed startup sequence
1608045470802	Marionette	INFO	Listening on port 56531
1608045471090	DeferredSave.extensions.json	DEBUG	Starting timer
*** Blocklist::_loadBlocklistFromFile: blocklist is disabled
1608045471242	DeferredSave.extensions.json	DEBUG	Starting write
1608045471584	DeferredSave.extensions.json	DEBUG	Write succeeded
1608045471584	addons.xpi-utils	DEBUG	XPI Database saved, setting schema version preference to 16
1608045689066	addons.manager	DEBUG	shutdown
1608045689066	addons.manager	DEBUG	Calling shutdown blocker for XPIProvider
1608045689066	addons.xpi	DEBUG	shutdown
1608045689068	addons.xpi-utils	DEBUG	shutdown
1608045689068	addons.manager	DEBUG	Calling shutdown blocker for LightweightThemeManager
1608045689068	addons.manager	DEBUG	Calling shutdown blocker for GMPProvider
1608045689070	addons.manager	DEBUG	Calling shutdown blocker for PluginProvider
1608045689076	addons.xpi	DEBUG	Notifying XPI shutdown observers
1608045689080	addons.manager	DEBUG	Async provider shutdown done
